  PlatformerGame.cpp
c:\program files (x86)\microsoft visual studio\2017\community\vc\tools\msvc\14.16.27023\include\vector(626): warning C4251: 'std::_Vector_alloc<std::_Vec_base_types<_Ty,_Alloc>>::_Mypair': class 'std::_Compressed_pair<std::allocator<_Ty>,std::_Vector_val<std::_Simple_types<_Ty>>,true>' needs to have dll-interface to be used by clients of class 'std::_Vector_alloc<std::_Vec_base_types<_Ty,_Alloc>>'
          with
          [
              _Ty=S2D::Input::Keys,
              _Alloc=std::allocator<S2D::Input::Keys>
          ]
          and
          [
              _Ty=S2D::Input::Keys
          ]
          and
          [
              _Ty=S2D::Input::Keys,
              _Alloc=std::allocator<S2D::Input::Keys>
          ]
  c:\program files (x86)\microsoft visual studio\2017\community\vc\tools\msvc\14.16.27023\include\vector(605): note: see declaration of 'std::_Compressed_pair<std::allocator<_Ty>,std::_Vector_val<std::_Simple_types<_Ty>>,true>'
          with
          [
              _Ty=S2D::Input::Keys
          ]
  g:\github\2dtemplategame\s2dplatformer\s2d\input.h(108): note: see reference to class template instantiation 'std::vector<S2D::Input::Keys,std::allocator<_Ty>>' being compiled
          with
          [
              _Ty=S2D::Input::Keys
          ]
g:\github\2dtemplategame\s2dplatformer\platformergame.cpp(80): warning C4244: 'argument': conversion from 'float' to 'const unsigned int', possible loss of data
g:\github\2dtemplategame\s2dplatformer\platformergame.cpp(93): warning C4244: 'argument': conversion from 'float' to 'const unsigned int', possible loss of data
g:\github\2dtemplategame\s2dplatformer\platformergame.cpp(104): warning C4018: '<': signed/unsigned mismatch
g:\github\2dtemplategame\s2dplatformer\platformergame.cpp(216): warning C4244: '=': conversion from 'double' to 'int', possible loss of data
  S2DPlatformer.vcxproj -> G:\github\2DTemplateGame\Debug\S2DPlatformer.exe
